<?xml version="1.0" encoding="UTF-8"?>
<!-- Generated by org.testng.reporters.JUnitReportReporter -->
<testsuite hostname="LAPTOP-RBJADUBR" failures="0" tests="1" name="akitochalam.DatabaseTesting.JDBCConnection" time="0.559" errors="0" timestamp="2022-10-18T22:57:33 IST" skipped="0">
  <testcase classname="akitochalam.DatabaseTesting.JDBCConnection" name="DBConnection" time="0.559"/>
  <system-out/>
</testsuite> <!-- akitochalam.DatabaseTesting.JDBCConnection -->
